{
  "RSpec": {
    "coverage": {
      "/Users/jd/chitter-challenge/chitter/app.rb": [
        1,
        1,
        1,
        1,
        null,
        1,
        1,
        null,
        null,
        1,
        null,
        1,
        1,
        1,
        null,
        null,
        1,
        1,
        null,
        null,
        null,
        null
      ],
      "/Users/jd/chitter-challenge/chitter/helpers/db_setup_helper.rb": [
        1,
        null,
        1,
        1,
        null,
        0,
        null
      ],
      "/Users/jd/chitter-challenge/chitter/models/peep.rb": [
        1,
        1,
        1,
        null,
        1,
        1,
        null,
        1,
        1,
        1,
        null,
        null,
        null,
        1
      ],
      "/Users/jd/chitter-challenge/chitter/routes/init.rb": [
        1,
        1
      ],
      "/Users/jd/chitter-challenge/chitter/routes/login.rb": [

      ],
      "/Users/jd/chitter-challenge/chitter/routes/new_peep.rb": [
        1,
        1,
        0,
        0,
        null,
        null
      ],
      "/Users/jd/chitter-challenge/chitter/spec/features/peeps_new_spec.rb": [
        1,
        1,
        1,
        1,
        0,
        0,
        null,
        null,
        null
      ]
    },
    "timestamp": 1523717856
  }
}
